1571239933110	mozrunner::runner	INFO	Running command: "C:\\Program Files\\Mozilla Firefox\\firefox.exe" "-marionette" "-foreground" "-no-remote" "-profile" "C:\\Users\\NASTRA~1\\AppData\\Local\\Temp\\rust_mozprofilepU07Nk"
1571239933716	addons.webextension.screenshots@mozilla.org	WARN	Loading extension 'screenshots@mozilla.org': Reading manifest: Invalid extension permission: mozillaAddons
1571239933717	addons.webextension.screenshots@mozilla.org	WARN	Loading extension 'screenshots@mozilla.org': Reading manifest: Invalid extension permission: telemetry
1571239933717	addons.webextension.screenshots@mozilla.org	WARN	Loading extension 'screenshots@mozilla.org': Reading manifest: Invalid extension permission: resource://pdf.js/
1571239933719	addons.webextension.screenshots@mozilla.org	WARN	Loading extension 'screenshots@mozilla.org': Reading manifest: Invalid extension permission: about:reader*
JavaScript error: resource://gre/modules/XULStore.jsm, line 66: Error: Can't find profile directory.
1571239936148	Marionette	INFO	Listening on port 60266
1571239936253	Marionette	WARN	TLS certificate errors will be ignored for this session
1571239938274	Marionette	INFO	Stopped listening on port 60266
[Child 18780, Chrome_ChildThread] WARNING: pipe error: 109: file z:/task_1570640083/build/src/ipc/chromium/src/chrome/common/ipc_channel_win.cc, line 341
[Child 18248, Chrome_ChildThread] WARNING: pipe error: 109: file z:/task_1570640083/build/src/ipc/chromium/src/chrome/common/ipc_channel_win.cc, line 341
[Child 18248, Chrome_Chi[Parent 16468, Gecko_IOThread] WARNING: pipe error: 109: file z:/task_1570640083/build/src/ipc/chromium/src/chrome/common/ipc_channel_win.cc, line 341

###!!! [Child][RunMessage] Error: Channel closing: too late to send/recv, messages will be lost

[GPU 9272, Chrome_ChildTh
###!!! [Child][MessageChannel::SendAndWait] Error: Channel error: cannot send/recv

1571240075887	mozrunner::runner	INFO	Running command: "C:\\Program Files\\Mozilla Firefox\\firefox.exe" "-marionette" "-foreground" "-no-remote" "-profile" "C:\\Users\\NASTRA~1\\AppData\\Local\\Temp\\rust_mozprofileXzg7y5"
1571240076315	addons.webextension.screenshots@mozilla.org	WARN	Loading extension 'screenshots@mozilla.org': Reading manifest: Invalid extension permission: mozillaAddons
1571240076316	addons.webextension.screenshots@mozilla.org	WARN	Loading extension 'screenshots@mozilla.org': Reading manifest: Invalid extension permission: telemetry
1571240076316	addons.webextension.screenshots@mozilla.org	WARN	Loading extension 'screenshots@mozilla.org': Reading manifest: Invalid extension permission: resource://pdf.js/
1571240076316	addons.webextension.screenshots@mozilla.org	WARN	Loading extension 'screenshots@mozilla.org': Reading manifest: Invalid extension permission: about:reader*
JavaScript error: resource://gre/modules/XULStore.jsm, line 66: Error: Can't find profile directory.
1571240078152	Marionette	INFO	Listening on port 60326
1571240078512	Marionette	WARN	TLS certificate errors will be ignored for this session
1571240080530	Marionette	INFO	Stopped listening on port 60326
[Child 8728, Chrome_ChildThread] WARNING: pipe error: 109: file z:/task_1570640083/build/src/ipc/chromium/src/chrome/common/ipc_channel_win.cc, line 341
[Child 8728, ChrJavaScript error: resource://gre/modules/UrlClassifierListManager.jsm, line 680: TypeError: this.tablesData[table] is undefined
[Child 15764, Chrome_ChildThread] WARNING: pipe error: 109: file z:/task_1570640083/build/src/ipc/chromium/src/chrome/common/ipc_channel_win.cc, line 341
###!!! [Child][MessageChannel] Error: (msgtype=0x3600A5,name=PContent::Msg_StartVisitedQuery) Channel closing: too late to send/recv, messages will be lost



###!!! [Child][MessageChannel] Error: (msgtype=0x3600A5,name=PContent::Msg_StartVisitedQuery) Channel closing: too late to send/recv, messages will be lost


###!!! [Child][MessageChannel] Error: (msgtype=0x3600A5,name=PContent::Msg_StartVisitedQuery) Channel closing: too late to send/recv, messages will be lost


###!!! [Child][MessageChannel] Error: (msgtype=0x3600A5,name=PContent::Msg_StartVisitedQuery) Channel closing: too late to send/recv, messages will be lost

[Chi
###!!! [Child][MessageChannel] Error: (msgtype=0x3600A5,name=PContent::Msg_StartVisitedQuery) Channel closing: too late to send/recv, messages will be lost

ld 157
###!!! [Child][MessageChannel] Error: (msgtype=0x3600A5,name=PContent::Msg_StartVisitedQuery) Channel closing: too late to send/recv, messages will be lost

64, 
###!!! [Child][MessageChannel] Error: (msgtype=0x3600A5,name=PContent::Msg_StartVisitedQuery) Channel closing: too late to send/recv, messages will be lost

Ch
###!!! [Child][MessageChannel] Error: (msgtype=0x3600A5,name=PContent::Msg_StartVisitedQuery) Channel closing: too late to send/recv, messages will be lost

r
###!!! [Child][MessageChannel] Error: (msgtype=0x3600A5,name=PContent::Msg_StartVisitedQuery) Channel closing: too late to send/recv, messages will be lost

om
###!!! [Child][MessageChannel] Error: (msgtype=0x3600A5,name=PContent::Msg_StartVisitedQuery) Channel closing: too late to send/recv, messages will be lost

e_[Parent 18060, Gecko_IOThread] WARNING: pipe error: 109: file z:/task_1570640083/build/src/ipc/chromium/src/chrome/common/ipc_channel_win.cc, line 341
[Child 21940, Chrome_ChildThread] WARNING: pipe error: 109: file z:/task_1570640083/build/src/ipc/chromium/src/chrome/common/ipc_channel_win.cc, line 341
[Child 2[GPU 12108, Ch
###!!! [Child][RunMessage] Error: Channel closing: too late to send/recv, messages will be lost

rome_ChildThr
###!!! [Child][MessageChannel::SendAndWait] Error: Channel error: cannot send/recv

1571240127530	mozrunner::runner	INFO	Running command: "C:\\Program Files\\Mozilla Firefox\\firefox.exe" "-marionette" "-foreground" "-no-remote" "-profile" "C:\\Users\\NASTRA~1\\AppData\\Local\\Temp\\rust_mozprofileUUzgvO"
1571240127937	addons.webextension.screenshots@mozilla.org	WARN	Loading extension 'screenshots@mozilla.org': Reading manifest: Invalid extension permission: mozillaAddons
1571240127937	addons.webextension.screenshots@mozilla.org	WARN	Loading extension 'screenshots@mozilla.org': Reading manifest: Invalid extension permission: telemetry
1571240127937	addons.webextension.screenshots@mozilla.org	WARN	Loading extension 'screenshots@mozilla.org': Reading manifest: Invalid extension permission: resource://pdf.js/
1571240127937	addons.webextension.screenshots@mozilla.org	WARN	Loading extension 'screenshots@mozilla.org': Reading manifest: Invalid extension permission: about:reader*
JavaScript error: resource://gre/modules/XULStore.jsm, line 66: Error: Can't find profile directory.
1571240129638	Marionette	INFO	Listening on port 60401
1571240129648	Marionette	WARN	TLS certificate errors will be ignored for this session
1571240134568	Marionette	INFO	Stopped listening on port 60401
[Parent 21944, Gecko_IOThread] WARNING: pipe error: 109: file z:/task_1570640083/build/src/ipc/chromium/src/chrome/common/ipc_channel_win.cc, line 341
[Child 19748, Chrome_ChildThread] WARNING: pipe error: 109: file z:/task_1570640083/build/src/ipc/chromium/src/chrome/common/ipc_channel_win.cc, line 341
[Child 19748, Chrome_ChildThread] WARNING: pipe err[Parent 21944, Gecko_IOThread] WARNING: pipe error: 109: file z:/task_1570640083/build/src/ipc/chromium/src/chrome/common/ipc_channel_win.cc, line 341
[Child 1684, Chrome_ChildThread] WARNING: pipe error: 109: file z:/task_1570640083/build/src/ipc/chromium/src/chrome/common/ipc_channel_win.cc, line 341
[Child 1
###!!! [Child][RunMessage] Error: Channel closing: too late to send/recv, messages will be lost

[GPU 21264, Chrome_ChildThread] WARNING: pipe error:
###!!! [Child][MessageChannel::SendAndWait] Error: Channel error: cannot send/recv

1571240201604	mozrunner::runner	INFO	Running command: "C:\\Program Files\\Mozilla Firefox\\firefox.exe" "-marionette" "-foreground" "-no-remote" "-profile" "C:\\Users\\NASTRA~1\\AppData\\Local\\Temp\\rust_mozprofile7cgNXS"
1571240202008	addons.webextension.screenshots@mozilla.org	WARN	Loading extension 'screenshots@mozilla.org': Reading manifest: Invalid extension permission: mozillaAddons
1571240202009	addons.webextension.screenshots@mozilla.org	WARN	Loading extension 'screenshots@mozilla.org': Reading manifest: Invalid extension permission: telemetry
1571240202009	addons.webextension.screenshots@mozilla.org	WARN	Loading extension 'screenshots@mozilla.org': Reading manifest: Invalid extension permission: resource://pdf.js/
1571240202009	addons.webextension.screenshots@mozilla.org	WARN	Loading extension 'screenshots@mozilla.org': Reading manifest: Invalid extension permission: about:reader*
JavaScript error: resource://gre/modules/XULStore.jsm, line 66: Error: Can't find profile directory.
1571240203768	Marionette	INFO	Listening on port 60472
1571240204228	Marionette	WARN	TLS certificate errors will be ignored for this session
1571240205808	Marionette	INFO	Stopped listening on port 60472
[Child 1
###!!! [Child][MessageChannel] Error: (msgtype=0x3600A5,name=PContent::Msg_StartVisitedQuery) Channel closing: too late to send/recv, messages will be lost


###!!! [Child][MessageChannel] Error: (msgtype=0x3600A5,name=PContent::Msg_StartVisitedQuery) Channel closing: too late to send/recv, messages will be lost


###!!! [Child][MessageChannel] Error: (msgtype=0x3600A5,name=PContent::Msg_StartVisitedQuery) Channel closing: too late to send/recv, messages will be lost


###!!! [Child][MessageChannel] Error: (msgtype=0x3600A5,name=PContent::Msg_StartVisitedQuery) Channel closing: too late to send/recv, messages will be lost


###!!! [Child][MessageChannel] Error: (msgtype=0x3600A5,name=PContent::Msg_StartVisitedQuery) Channel closing: too late to send/recv, messages will be lost


###!!! [Child][MessageChannel] Error: (msgtype=0x3600A5,name=PContent::Msg_StartVisitedQuery) Channel closing: too late to send/recv, messages will be lost

1232, 
###!!! [Child][MessageChannel] Error: (msgtype=0x3600A5,name=PContent::Msg_StartVisitedQuery) Channel closing: too late to send/recv, messages will be lost

C
###!!! [Child][MessageChannel] Error: (msgtype=0x3600A5,name=PContent::Msg_StartVisitedQuery) Channel closing: too late to send/recv, messages will be lost

hrom
###!!! [Child][MessageChannel] Error: (msgtype=0x3600A5,name=PContent::Msg_StartVisitedQuery) Channel closing: too late to send/recv, messages will be lost

e_ChildT
###!!! [Child][MessageChannel] Error: (msgtype=0x3600A5,name=PContent::Msg_StartVisitedQuery) Channel closing: too late to send/recv, messages will be lost

hread
###!!! [Child][MessageChannel] Error: (msgtype=0x3600A5,name=PContent::Msg_StartVisitedQuery) Channel closing: too late to send/recv, messages will be lost

] WARN
###!!! [Child][MessageChannel] Error: (msgtype=0x3600A5,name=PContent::Msg_StartVisitedQuery) Channel closing: too late to send/recv, messages will be lost

ING: pipe erro
###!!! [Child][MessageChannel] Error: (msgtype=0x3600A5,name=PContent::Msg_StartVisitedQuery) Channel closing: too late to send/recv, messages will be lost

r: 109: file z:/task_157064
###!!! [Child][MessageChannel] Error: (msgtype=0x3600A5,name=PContent::Msg_StartVisitedQuery) Channel closing: too late to send/recv, messages will be lost

00
###!!! [Child][MessageChannel] Error: (msgtype=0x3600A5,name=PContent::Msg_StartVisitedQuery) Channel closing: too late to send/recv, messages will be lost

83/build/src/ipc/chromium/src/chrome/common/ipc_channel_win.cc, line 341

###!!! [Child][MessageChannel] Error: (msgtype=0x3600A5,name=PContent::Msg_StartVisitedQuery) Channel closing: too late to send/recv, messages will be lost


###!!! [Child][MessageChannel] Error: (msgtype=0x3600A5,name=PContent::Msg_StartVisitedQuery) Channel closing: too late to send/recv, messages will be lost


###!!! [Child][MessageChannel] Error: (msgtype=0x3600A5,name=PContent::Msg_StartVisitedQuery) Channel closing: too late to send/recv, messages will be lost

[Child 11232, Chrome_Ch
###!!! [Child][MessageChannel] Error: (msgtype=0x3600A5,name=PContent::Msg_StartVisitedQuery) Channel closing: too late to send/recv, messages will be lost

ildThread] WARNING: pipe error: 109: file z:/task_1570640083/build/src/ipc/chromium/src/chrome/common/ipc_channel_win.cc, line 341

###!!! [Child][MessageChannel] Error: (msgtype=0x3600A5,name=PContent::Msg_StartVisitedQuery) Channel closing: too late to send/recv, messages will be lost


###!!! [Child][MessageChannel] Error: (msgtype=0x3600A5,name=PContent::Msg_StartVisitedQuery) Channel closing: too late to send/recv, messages will be lost


###!!! [Child][MessageChannel] Error: (msgtype=0x3600A5,name=PContent::Msg_StartVisitedQuery) Channel closing: too late to send/recv, messages will be lost


###!!! [Child][MessageChannel] Error: (msgtype=0x3600A5,name=PContent::Msg_StartVisitedQuery) Channel closing: too late to send/recv, messages will be lost


###!!! [Child][MessageChannel] Error: (msgtype=0x3600A5,name=PContent::Msg_StartVisitedQuery) Channel closing: too late to send/recv, messages will be lost


###!!! [Child][MessageChannel] Error: (msgtype=0x3600A5,name=PContent::Msg_StartVisitedQuery) Channel closing: too late to send/recv, messages will be lost


###!!! [Child][MessageChannel] Error: (msgtype=0x3600A5,name=PContent::Msg_StartVisitedQuery) Channel closing: too late to send/recv, messages will be lost


###!!! [Child][MessageChannel] Error: (msgtype=0x3600A5,name=PContent::Msg_StartVisitedQuery) Channel closing: too late to send/recv, messages will be lost


###!!! [Child][MessageChannel] Error: (msgtype=0x3600A5,name=PContent::Msg_StartVisitedQuery) Channel closing: too late to send/recv, messages will be lost


###!!! [Child][MessageChannel] Error: (msgtype=0x3600A5,name=PContent::Msg_StartVisitedQuery) Channel closing: too late to send/recv, messages will be lost


###!!! [Child][MessageChannel] Error: (msgtype=0x3600A5,name=PContent::Msg_StartVisitedQuery) Channel closing: too late to send/recv, messages will be lost


###!!! [Child][MessageChannel] Error: (msgtype=0x3600A5,name=PContent::Msg_StartVisitedQuery) Channel closing: too late to send/recv, messages will be lost


###!!! [Child][MessageChannel] Error: (msgtype=0x3600A5,name=PContent::Msg_StartVisitedQuery) Channel closing: too late to send/recv, messages will be lost


###!!! [Child][MessageChannel] Error: (msgtype=0x3600A5,name=PContent::Msg_StartVisitedQuery) Channel closing: too late to send/recv, messages will be lost


###!!! [Child][MessageChannel] Error: (msgtype=0x3600A5,name=PContent::Msg_StartVisitedQuery) Channel closing: too late to send/recv, messages will be lost


###!!! [Child][MessageChannel] Error: (msgtype=0x3600A5,name=PContent::Msg_StartVisitedQuery) Channel closing: too late to send/recv, messages will be lost


###!!! [Child][MessageChannel] Error: (msgtype=0x3600A5,name=PContent::Msg_StartVisitedQuery) Channel closing: too late to send/recv, messages will be lost


###!!! [Child][MessageChannel] Error: (msgtype=0x3600A5,name=PContent::Msg_StartVisitedQuery) Channel closing: too late to send/recv, messages will be lost


###!!! [Child][MessageChannel] Error: (msgtype=0x3600A5,name=PContent::Msg_StartVisitedQuery) Channel closing: too late to send/recv, messages will be lost


###!!! [Child][MessageChannel] Error: (msgtype=0x3600A5,name=PContent::Msg_StartVisitedQuery) Channel closing: too late to send/recv, messages will be lost


###!!! [Child][MessageChannel] Error: (msgtype=0x3600A5,name=PContent::Msg_StartVisitedQuery) Channel closing: too late to send/recv, messages will be lost


###!!! [Child][MessageChannel] Error: (msgtype=0x3600A5,name=PContent::Msg_StartVisitedQuery) Channel closing: too late to send/recv, messages will be lost

[Parent 17696, Gecko_IOThread] WARNING: pipe error: 109: file z:/task_1570640083/build/src/ipc/chromium/src/chrome/common/ipc_channel_win.cc, line 341
[Child 21212, Chrome_ChildThread] WARNING: pipe error: 109: file z:/task_1570640083/build/src/ipc/chromium/src/chrome/common/ipc_channel_win.cc, line 341
[Child 2121
###!!! [Child][RunMessage] Error: Channel closing: too late to send/recv, messages will be lost

[GPU 2068
###!!! [Child][MessageChannel::SendAndWait] Error: Channel error: cannot send/recv

